<?xml version="1.0" encoding="UTF-8"?>
<testsuite xmlns:xsi="http://www.w3.org/2001/XMLSchema-instance" xsi:noNamespaceSchemaLocation="https://maven.apache.org/surefire/maven-surefire-plugin/xsd/surefire-test-report-3.0.xsd" version="3.0" name="com.proyectoIntegrador.ProyectoIntegradorApplicationTests" time="9.402" tests="1" errors="0" skipped="0" failures="0">
  <properties>
[...]
</properties>
  <testcase name="contextLoads" classname="com.proyectoIntegrador.ProyectoIntegradorApplicationTests" time="0.62">
    <system-out><![CDATA[20:00:54.359 [main] INFO org.springframework.test.context.support.AnnotationConfigContextLoaderUtils -- Could not detect default configuration classes for test class [com.proyectoIntegrador.ProyectoIntegradorApplicationTests]: ProyectoIntegradorApplicationTests does not declare any static, non-private, non-final, nested classes annotated with @Configuration.
20:00:54.476 [main] INFO org.springframework.boot.test.context.SpringBootTestContextBootstrapper -- Found @SpringBootConfiguration com.proyectoIntegrador.ProyectoIntegradorApplication for test class com.proyectoIntegrador.ProyectoIntegradorApplicationTests

  .   ____          _            __ _ _
 /\\ / ___'_ __ _ _(_)_ __  __ _ \ \ \ \
( ( )\___ | '_ | '_| | '_ \/ _` | \ \ \ \
 \\/  ___)| |_)| | | | | || (_| |  ) ) ) )
  '  |____| .__|_| |_|_| |_\__, | / / / /
 =========|_|==============|___/=/_/_/_/
 :: Spring Boot ::                (v3.1.3)

2023-11-06T20:00:54.962-05:00  INFO 8312 --- [           main] c.p.ProyectoIntegradorApplicationTests   : Starting ProyectoIntegradorApplicationTests using Java 17.0.7 with PID 8312 (started by NS in C:\Users\NS\git\Integrador_BackEnd)
2023-11-06T20:00:54.965-05:00  INFO 8312 --- [           main] c.p.ProyectoIntegradorApplicationTests   : No active profile set, falling back to 1 default profile: "default"
2023-11-06T20:00:56.090-05:00  INFO 8312 --- [           main] .s.d.r.c.RepositoryConfigurationDelegate : Bootstrapping Spring Data JPA repositories in DEFAULT mode.
2023-11-06T20:00:56.169-05:00  INFO 8312 --- [           main] .s.d.r.c.RepositoryConfigurationDelegate : Finished Spring Data repository scanning in 72 ms. Found 11 JPA repository interfaces.
2023-11-06T20:00:56.697-05:00  INFO 8312 --- [           main] o.hibernate.jpa.internal.util.LogHelper  : HHH000204: Processing PersistenceUnitInfo [name: default]
2023-11-06T20:00:56.758-05:00  INFO 8312 --- [           main] org.hibernate.Version                    : HHH000412: Hibernate ORM core version 6.2.7.Final
2023-11-06T20:00:56.760-05:00  INFO 8312 --- [           main] org.hibernate.cfg.Environment            : HHH000406: Using bytecode reflection optimizer
2023-11-06T20:00:56.942-05:00 DEBUG 8312 --- [           main] org.hibernate.type.BasicTypeRegistry     : Adding type registration boolean -> org.hibernate.type.BasicTypeReference@4c7d7430
2023-11-06T20:00:56.942-05:00 DEBUG 8312 --- [           main] org.hibernate.type.BasicTypeRegistry     : Adding type registration boolean -> org.hibernate.type.BasicTypeReference@4c7d7430
2023-11-06T20:00:56.942-05:00 DEBUG 8312 --- [           main] org.hibernate.type.BasicTypeRegistry     : Adding type registration java.lang.Boolean -> org.hibernate.type.BasicTypeReference@4c7d7430
2023-11-06T20:00:56.942-05:00 DEBUG 8312 --- [           main] org.hibernate.type.BasicTypeRegistry     : Adding type registration numeric_boolean -> org.hibernate.type.BasicTypeReference@4ea1aa52
2023-11-06T20:00:56.942-05:00 DEBUG 8312 --- [           main] org.hibernate.type.BasicTypeRegistry     : Adding type registration org.hibernate.type.NumericBooleanConverter -> org.hibernate.type.BasicTypeReference@4ea1aa52
2023-11-06T20:00:56.942-05:00 DEBUG 8312 --- [           main] org.hibernate.type.BasicTypeRegistry     : Adding type registration true_false -> org.hibernate.type.BasicTypeReference@74123110
2023-11-06T20:00:56.942-05:00 DEBUG 8312 --- [           main] org.hibernate.type.BasicTypeRegistry     : Adding type registration org.hibernate.type.TrueFalseConverter -> org.hibernate.type.BasicTypeReference@74123110
2023-11-06T20:00:56.943-05:00 DEBUG 8312 --- [           main] org.hibernate.type.BasicTypeRegistry     : Adding type registration yes_no -> org.hibernate.type.BasicTypeReference@5ed0b4e3
2023-11-06T20:00:56.943-05:00 DEBUG 8312 --- [           main] org.hibernate.type.BasicTypeRegistry     : Adding type registration org.hibernate.type.YesNoConverter -> org.hibernate.type.BasicTypeReference@5ed0b4e3
2023-11-06T20:00:56.943-05:00 DEBUG 8312 --- [           main] org.hibernate.type.BasicTypeRegistry     : Adding type registration byte -> org.hibernate.type.BasicTypeReference@79ab97fd
2023-11-06T20:00:56.943-05:00 DEBUG 8312 --- [           main] org.hibernate.type.BasicTypeRegistry     : Adding type registration byte -> org.hibernate.type.BasicTypeReference@79ab97fd
2023-11-06T20:00:56.943-05:00 DEBUG 8312 --- [           main] org.hibernate.type.BasicTypeRegistry     : Adding type registration java.lang.Byte -> org.hibernate.type.BasicTypeReference@79ab97fd
2023-11-06T20:00:56.943-05:00 DEBUG 8312 --- [           main] org.hibernate.type.BasicTypeRegistry     : Adding type registration binary -> org.hibernate.type.BasicTypeReference@3a9b41a0
2023-11-06T20:00:56.944-05:00 DEBUG 8312 --- [           main] org.hibernate.type.BasicTypeRegistry     : Adding type registration byte[] -> org.hibernate.type.BasicTypeReference@3a9b41a0
2023-11-06T20:00:56.944-05:00 DEBUG 8312 --- [           main] org.hibernate.type.BasicTypeRegistry     : Adding type registration [B -> org.hibernate.type.BasicTypeReference@3a9b41a0
2023-11-06T20:00:56.944-05:00 DEBUG 8312 --- [           main] org.hibernate.type.BasicTypeRegistry     : Adding type registration binary_wrapper -> org.hibernate.type.BasicTypeReference@21f9c6ea
2023-11-06T20:00:56.944-05:00 DEBUG 8312 --- [           main] org.hibernate.type.BasicTypeRegistry     : Adding type registration wrapper-binary -> org.hibernate.type.BasicTypeReference@21f9c6ea
2023-11-06T20:00:56.944-05:00 DEBUG 8312 --- [           main] org.hibernate.type.BasicTypeRegistry     : Adding type registration image -> org.hibernate.type.BasicTypeReference@418f0534
2023-11-06T20:00:56.944-05:00 DEBUG 8312 --- [           main] org.hibernate.type.BasicTypeRegistry     : Adding type registration blob -> org.hibernate.type.BasicTypeReference@3dfd7eaa
2023-11-06T20:00:56.944-05:00 DEBUG 8312 --- [           main] org.hibernate.type.BasicTypeRegistry     : Adding type registration java.sql.Blob -> org.hibernate.type.BasicTypeReference@3dfd7eaa
2023-11-06T20:00:56.944-05:00 DEBUG 8312 --- [           main] org.hibernate.type.BasicTypeRegistry     : Adding type registration materialized_blob -> org.hibernate.type.BasicTypeReference@7c9beb51
2023-11-06T20:00:56.944-05:00 DEBUG 8312 --- [           main] org.hibernate.type.BasicTypeRegistry     : Adding type registration materialized_blob_wrapper -> org.hibernate.type.BasicTypeReference@133aacbe
2023-11-06T20:00:56.945-05:00 DEBUG 8312 --- [           main] org.hibernate.type.BasicTypeRegistry     : Adding type registration short -> org.hibernate.type.BasicTypeReference@2aa5bd48
2023-11-06T20:00:56.945-05:00 DEBUG 8312 --- [           main] org.hibernate.type.BasicTypeRegistry     : Adding type registration short -> org.hibernate.type.BasicTypeReference@2aa5bd48
2023-11-06T20:00:56.945-05:00 DEBUG 8312 --- [           main] org.hibernate.type.BasicTypeRegistry     : Adding type registration java.lang.Short -> org.hibernate.type.BasicTypeReference@2aa5bd48
2023-11-06T20:00:56.945-05:00 DEBUG 8312 --- [           main] org.hibernate.type.BasicTypeRegistry     : Adding type registration integer -> org.hibernate.type.BasicTypeReference@7cfb8e98
2023-11-06T20:00:56.945-05:00 DEBUG 8312 --- [           main] org.hibernate.type.BasicTypeRegistry     : Adding type registration int -> org.hibernate.type.BasicTypeReference@7cfb8e98
2023-11-06T20:00:56.945-05:00 DEBUG 8312 --- [           main] org.hibernate.type.BasicTypeRegistry     : Adding type registration java.lang.Integer -> org.hibernate.type.BasicTypeReference@7cfb8e98
2023-11-06T20:00:56.945-05:00 DEBUG 8312 --- [           main] org.hibernate.type.BasicTypeRegistry     : Adding type registration long -> org.hibernate.type.BasicTypeReference@5f193335
2023-11-06T20:00:56.945-05:00 DEBUG 8312 --- [           main] org.hibernate.type.BasicTypeRegistry     : Adding type registration long -> org.hibernate.type.BasicTypeReference@5f193335
2023-11-06T20:00:56.945-05:00 DEBUG 8312 --- [           main] org.hibernate.type.BasicTypeRegistry     : Adding type registration java.lang.Long -> org.hibernate.type.BasicTypeReference@5f193335
2023-11-06T20:00:56.945-05:00 DEBUG 8312 --- [           main] org.hibernate.type.BasicTypeRegistry     : Adding type registration float -> org.hibernate.type.BasicTypeReference@19002b34
2023-11-06T20:00:56.945-05:00 DEBUG 8312 --- [           main] org.hibernate.type.BasicTypeRegistry     : Adding type registration float -> org.hibernate.type.BasicTypeReference@19002b34
2023-11-06T20:00:56.945-05:00 DEBUG 8312 --- [           main] org.hibernate.type.BasicTypeRegistry     : Adding type registration java.lang.Float -> org.hibernate.type.BasicTypeReference@19002b34
2023-11-06T20:00:56.945-05:00 DEBUG 8312 --- [           main] org.hibernate.type.BasicTypeRegistry     : Adding type registration double -> org.hibernate.type.BasicTypeReference@1ec88aa1
2023-11-06T20:00:56.946-05:00 DEBUG 8312 --- [           main] org.hibernate.type.BasicTypeRegistry     : Adding type registration double -> org.hibernate.type.BasicTypeReference@1ec88aa1
2023-11-06T20:00:56.946-05:00 DEBUG 8312 --- [           main] org.hibernate.type.BasicTypeRegistry     : Adding type registration java.lang.Double -> org.hibernate.type.BasicTypeReference@1ec88aa1
2023-11-06T20:00:56.946-05:00 DEBUG 8312 --- [           main] org.hibernate.type.BasicTypeRegistry     : Adding type registration big_integer -> org.hibernate.type.BasicTypeReference@3e6748ae
2023-11-06T20:00:56.946-05:00 DEBUG 8312 --- [           main] org.hibernate.type.BasicTypeRegistry     : Adding type registration java.math.BigInteger -> org.hibernate.type.BasicTypeReference@3e6748ae
2023-11-06T20:00:56.946-05:00 DEBUG 8312 --- [           main] org.hibernate.type.BasicTypeRegistry     : Adding type registration big_decimal -> org.hibernate.type.BasicTypeReference@28f154cc
2023-11-06T20:00:56.946-05:00 DEBUG 8312 --- [           main] org.hibernate.type.BasicTypeRegistry     : Adding type registration java.math.BigDecimal -> org.hibernate.type.BasicTypeReference@28f154cc
2023-11-06T20:00:56.946-05:00 DEBUG 8312 --- [           main] org.hibernate.type.BasicTypeRegistry     : Adding type registration character -> org.hibernate.type.BasicTypeReference@3030836d
2023-11-06T20:00:56.946-05:00 DEBUG 8312 --- [           main] org.hibernate.type.BasicTypeRegistry     : Adding type registration char -> org.hibernate.type.BasicTypeReference@3030836d
2023-11-06T20:00:56.946-05:00 DEBUG 8312 --- [           main] org.hibernate.type.BasicTypeRegistry     : Adding type registration java.lang.Character -> org.hibernate.type.BasicTypeReference@3030836d
2023-11-06T20:00:56.946-05:00 DEBUG 8312 --- [           main] org.hibernate.type.BasicTypeRegistry     : Adding type registration character_nchar -> org.hibernate.type.BasicTypeReference@6af78a48
2023-11-06T20:00:56.946-05:00 DEBUG 8312 --- [           main] org.hibernate.type.BasicTypeRegistry     : Adding type registration string -> org.hibernate.type.BasicTypeReference@6ed18d80
2023-11-06T20:00:56.946-05:00 DEBUG 8312 --- [           main] org.hibernate.type.BasicTypeRegistry     : Adding type registration java.lang.String -> org.hibernate.type.BasicTypeReference@6ed18d80
2023-11-06T20:00:56.947-05:00 DEBUG 8312 --- [           main] org.hibernate.type.BasicTypeRegistry     : Adding type registration nstring -> org.hibernate.type.BasicTypeReference@4c24f3a2
2023-11-06T20:00:56.947-05:00 DEBUG 8312 --- [           main] org.hibernate.type.BasicTypeRegistry     : Adding type registration characters -> org.hibernate.type.BasicTypeReference@783b3aa0
2023-11-06T20:00:56.947-05:00 DEBUG 8312 --- [           main] org.hibernate.type.BasicTypeRegistry     : Adding type registration char[] -> org.hibernate.type.BasicTypeReference@783b3aa0
2023-11-06T20:00:56.947-05:00 DEBUG 8312 --- [           main] org.hibernate.type.BasicTypeRegistry     : Adding type registration [C -> org.hibernate.type.BasicTypeReference@783b3aa0
2023-11-06T20:00:56.947-05:00 DEBUG 8312 --- [           main] org.hibernate.type.BasicTypeRegistry     : Adding type registration wrapper-characters -> org.hibernate.type.BasicTypeReference@2ec85a25
2023-11-06T20:00:56.947-05:00 DEBUG 8312 --- [           main] org.hibernate.type.BasicTypeRegistry     : Adding type registration text -> org.hibernate.type.BasicTypeReference@4c176ff1
2023-11-06T20:00:56.947-05:00 DEBUG 8312 --- [           main] org.hibernate.type.BasicTypeRegistry     : Adding type registration ntext -> org.hibernate.type.BasicTypeReference@27c53c32
2023-11-06T20:00:56.947-05:00 DEBUG 8312 --- [           main] org.hibernate.type.BasicTypeRegistry     : Adding type registration clob -> org.hibernate.type.BasicTypeReference@68aec50
2023-11-06T20:00:56.947-05:00 DEBUG 8312 --- [           main] org.hibernate.type.BasicTypeRegistry     : Adding type registration java.sql.Clob -> org.hibernate.type.BasicTypeReference@68aec50
2023-11-06T20:00:56.947-05:00 DEBUG 8312 --- [           main] org.hibernate.type.BasicTypeRegistry     : Adding type registration nclob -> org.hibernate.type.BasicTypeReference@6aff97d6
2023-11-06T20:00:56.947-05:00 DEBUG 8312 --- [           main] org.hibernate.type.BasicTypeRegistry     : Adding type registration java.sql.NClob -> org.hibernate.type.BasicTypeReference@6aff97d6
2023-11-06T20:00:56.947-05:00 DEBUG 8312 --- [           main] org.hibernate.type.BasicTypeRegistry     : Adding type registration materialized_clob -> org.hibernate.type.BasicTypeReference@1d60059f
2023-11-06T20:00:56.947-05:00 DEBUG 8312 --- [           main] org.hibernate.type.BasicTypeRegistry     : Adding type registration materialized_clob_char_array -> org.hibernate.type.BasicTypeReference@134a8ead
2023-11-06T20:00:56.948-05:00 DEBUG 8312 --- [           main] org.hibernate.type.BasicTypeRegistry     : Adding type registration materialized_clob_character_array -> org.hibernate.type.BasicTypeReference@427308f8
2023-11-06T20:00:56.948-05:00 DEBUG 8312 --- [           main] org.hibernate.type.BasicTypeRegistry     : Adding type registration materialized_nclob -> org.hibernate.type.BasicTypeReference@54247647
2023-11-06T20:00:56.948-05:00 DEBUG 8312 --- [           main] org.hibernate.type.BasicTypeRegistry     : Adding type registration materialized_nclob_character_array -> org.hibernate.type.BasicTypeReference@4975dda1
2023-11-06T20:00:56.949-05:00 DEBUG 8312 --- [           main] org.hibernate.type.BasicTypeRegistry     : Adding type registration materialized_nclob_char_array -> org.hibernate.type.BasicTypeReference@e0d1dc4
2023-11-06T20:00:56.949-05:00 DEBUG 8312 --- [           main] org.hibernate.type.BasicTypeRegistry     : Adding type registration Duration -> org.hibernate.type.BasicTypeReference@5463f035
2023-11-06T20:00:56.949-05:00 DEBUG 8312 --- [           main] org.hibernate.type.BasicTypeRegistry     : Adding type registration java.time.Duration -> org.hibernate.type.BasicTypeReference@5463f035
2023-11-06T20:00:56.949-05:00 DEBUG 8312 --- [           main] org.hibernate.type.BasicTypeRegistry     : Adding type registration LocalDateTime -> org.hibernate.type.BasicTypeReference@230232b0
2023-11-06T20:00:56.950-05:00 DEBUG 8312 --- [           main] org.hibernate.type.BasicTypeRegistry     : Adding type registration java.time.LocalDateTime -> org.hibernate.type.BasicTypeReference@230232b0
2023-11-06T20:00:56.950-05:00 DEBUG 8312 --- [           main] org.hibernate.type.BasicTypeRegistry     : Adding type registration LocalDate -> org.hibernate.type.BasicTypeReference@44fd7ba4
2023-11-06T20:00:56.950-05:00 DEBUG 8312 --- [           main] org.hibernate.type.BasicTypeRegistry     : Adding type registration java.time.LocalDate -> org.hibernate.type.BasicTypeReference@44fd7ba4
2023-11-06T20:00:56.950-05:00 DEBUG 8312 --- [           main] org.hibernate.type.BasicTypeRegistry     : Adding type registration LocalTime -> org.hibernate.type.BasicTypeReference@22f8adc2
2023-11-06T20:00:56.950-05:00 DEBUG 8312 --- [           main] org.hibernate.type.BasicTypeRegistry     : Adding type registration java.time.LocalTime -> org.hibernate.type.BasicTypeReference@22f8adc2
2023-11-06T20:00:56.950-05:00 DEBUG 8312 --- [           main] org.hibernate.type.BasicTypeRegistry     : Adding type registration OffsetDateTime -> org.hibernate.type.BasicTypeReference@69d103f0
2023-11-06T20:00:56.950-05:00 DEBUG 8312 --- [           main] org.hibernate.type.BasicTypeRegistry     : Adding type registration java.time.OffsetDateTime -> org.hibernate.type.BasicTypeReference@69d103f0
2023-11-06T20:00:56.950-05:00 DEBUG 8312 --- [           main] org.hibernate.type.BasicTypeRegistry     : Adding type registration OffsetDateTimeWithTimezone -> org.hibernate.type.BasicTypeReference@5b742bc8
2023-11-06T20:00:56.950-05:00 DEBUG 8312 --- [           main] org.hibernate.type.BasicTypeRegistry     : Adding type registration OffsetDateTimeWithoutTimezone -> org.hibernate.type.BasicTypeReference@74fb5b59
2023-11-06T20:00:56.950-05:00 DEBUG 8312 --- [           main] org.hibernate.type.BasicTypeRegistry     : Adding type registration OffsetTime -> org.hibernate.type.BasicTypeReference@130a6eb9
2023-11-06T20:00:56.950-05:00 DEBUG 8312 --- [           main] org.hibernate.type.BasicTypeRegistry     : Adding type registration java.time.OffsetTime -> org.hibernate.type.BasicTypeReference@130a6eb9
2023-11-06T20:00:56.951-05:00 DEBUG 8312 --- [           main] org.hibernate.type.BasicTypeRegistry     : Adding type registration OffsetTimeUtc -> org.hibernate.type.BasicTypeReference@722531ab
2023-11-06T20:00:56.951-05:00 DEBUG 8312 --- [           main] org.hibernate.type.BasicTypeRegistry     : Adding type registration OffsetTimeWithTimezone -> org.hibernate.type.BasicTypeReference@8f57e4c
2023-11-06T20:00:56.951-05:00 DEBUG 8312 --- [           main] org.hibernate.type.BasicTypeRegistry     : Adding type registration OffsetTimeWithoutTimezone -> org.hibernate.type.BasicTypeReference@26fadd98
2023-11-06T20:00:56.951-05:00 DEBUG 8312 --- [           main] org.hibernate.type.BasicTypeRegistry     : Adding type registration ZonedDateTime -> org.hibernate.type.BasicTypeReference@66451058
2023-11-06T20:00:56.951-05:00 DEBUG 8312 --- [           main] org.hibernate.type.BasicTypeRegistry     : Adding type registration java.time.ZonedDateTime -> org.hibernate.type.BasicTypeReference@66451058
2023-11-06T20:00:56.951-05:00 DEBUG 8312 --- [           main] org.hibernate.type.BasicTypeRegistry     : Adding type registration ZonedDateTimeWithTimezone -> org.hibernate.type.BasicTypeReference@3db6dd52
2023-11-06T20:00:56.951-05:00 DEBUG 8312 --- [           main] org.hibernate.type.BasicTypeRegistry     : Adding type registration ZonedDateTimeWithoutTimezone -> org.hibernate.type.BasicTypeReference@1e92c3b6
2023-11-06T20:00:56.951-05:00 DEBUG 8312 --- [           main] org.hibernate.type.BasicTypeRegistry     : Adding type registration date -> org.hibernate.type.BasicTypeReference@6ef4cbe1
2023-11-06T20:00:56.951-05:00 DEBUG 8312 --- [           main] org.hibernate.type.BasicTypeRegistry     : Adding type registration java.sql.Date -> org.hibernate.type.BasicTypeReference@6ef4cbe1
2023-11-06T20:00:56.951-05:00 DEBUG 8312 --- [           main] org.hibernate.type.BasicTypeRegistry     : Adding type registration time -> org.hibernate.type.BasicTypeReference@207dd1b7
2023-11-06T20:00:56.951-05:00 DEBUG 8312 --- [           main] org.hibernate.type.BasicTypeRegistry     : Adding type registration java.sql.Time -> org.hibernate.type.BasicTypeReference@207dd1b7
2023-11-06T20:00:56.951-05:00 DEBUG 8312 --- [           main] org.hibernate.type.BasicTypeRegistry     : Adding type registration timestamp -> org.hibernate.type.BasicTypeReference@2baac4a7
2023-11-06T20:00:56.951-05:00 DEBUG 8312 --- [           main] org.hibernate.type.BasicTypeRegistry     : Adding type registration java.sql.Timestamp -> org.hibernate.type.BasicTypeReference@2baac4a7
2023-11-06T20:00:56.951-05:00 DEBUG 8312 --- [           main] org.hibernate.type.BasicTypeRegistry     : Adding type registration java.util.Date -> org.hibernate.type.BasicTypeReference@2baac4a7
2023-11-06T20:00:56.952-05:00 DEBUG 8312 --- [           main] org.hibernate.type.BasicTypeRegistry     : Adding type registration calendar -> org.hibernate.type.BasicTypeReference@23ad2d17
2023-11-06T20:00:56.952-05:00 DEBUG 8312 --- [           main] org.hibernate.type.BasicTypeRegistry     : Adding type registration java.util.Calendar -> org.hibernate.type.BasicTypeReference@23ad2d17
2023-11-06T20:00:56.952-05:00 DEBUG 8312 --- [           main] org.hibernate.type.BasicTypeRegistry     : Adding type registration java.util.GregorianCalendar -> org.hibernate.type.BasicTypeReference@23ad2d17
2023-11-06T20:00:56.952-05:00 DEBUG 8312 --- [           main] org.hibernate.type.BasicTypeRegistry     : Adding type registration calendar_date -> org.hibernate.type.BasicTypeReference@6bce4140
2023-11-06T20:00:56.952-05:00 DEBUG 8312 --- [           main] org.hibernate.type.BasicTypeRegistry     : Adding type registration calendar_time -> org.hibernate.type.BasicTypeReference@25f0c5e7
2023-11-06T20:00:56.952-05:00 DEBUG 8312 --- [           main] org.hibernate.type.BasicTypeRegistry     : Adding type registration instant -> org.hibernate.type.BasicTypeReference@5882b202
2023-11-06T20:00:56.952-05:00 DEBUG 8312 --- [           main] org.hibernate.type.BasicTypeRegistry     : Adding type registration java.time.Instant -> org.hibernate.type.BasicTypeReference@5882b202
2023-11-06T20:00:56.952-05:00 DEBUG 8312 --- [           main] org.hibernate.type.BasicTypeRegistry     : Adding type registration uuid -> org.hibernate.type.BasicTypeReference@120df990
2023-11-06T20:00:56.952-05:00 DEBUG 8312 --- [           main] org.hibernate.type.BasicTypeRegistry     : Adding type registration java.util.UUID -> org.hibernate.type.BasicTypeReference@120df990
2023-11-06T20:00:56.952-05:00 DEBUG 8312 --- [           main] org.hibernate.type.BasicTypeRegistry     : Adding type registration pg-uuid -> org.hibernate.type.BasicTypeReference@120df990
2023-11-06T20:00:56.952-05:00 DEBUG 8312 --- [           main] org.hibernate.type.BasicTypeRegistry     : Adding type registration uuid-binary -> org.hibernate.type.BasicTypeReference@b506ed0
2023-11-06T20:00:56.952-05:00 DEBUG 8312 --- [           main] org.hibernate.type.BasicTypeRegistry     : Adding type registration uuid-char -> org.hibernate.type.BasicTypeReference@282c4da0
2023-11-06T20:00:56.952-05:00 DEBUG 8312 --- [           main] org.hibernate.type.BasicTypeRegistry     : Adding type registration class -> org.hibernate.type.BasicTypeReference@65f3e805
2023-11-06T20:00:56.952-05:00 DEBUG 8312 --- [           main] org.hibernate.type.BasicTypeRegistry     : Adding type registration java.lang.Class -> org.hibernate.type.BasicTypeReference@65f3e805
2023-11-06T20:00:56.952-05:00 DEBUG 8312 --- [           main] org.hibernate.type.BasicTypeRegistry     : Adding type registration currency -> org.hibernate.type.BasicTypeReference@18cf5c52
2023-11-06T20:00:56.953-05:00 DEBUG 8312 --- [           main] org.hibernate.type.BasicTypeRegistry     : Adding type registration Currency -> org.hibernate.type.BasicTypeReference@18cf5c52
2023-11-06T20:00:56.953-05:00 DEBUG 8312 --- [           main] org.hibernate.type.BasicTypeRegistry     : Adding type registration java.util.Currency -> org.hibernate.type.BasicTypeReference@18cf5c52
2023-11-06T20:00:56.953-05:00 DEBUG 8312 --- [           main] org.hibernate.type.BasicTypeRegistry     : Adding type registration locale -> org.hibernate.type.BasicTypeReference@10618775
2023-11-06T20:00:56.953-05:00 DEBUG 8312 --- [           main] org.hibernate.type.BasicTypeRegistry     : Adding type registration java.util.Locale -> org.hibernate.type.BasicTypeReference@10618775
2023-11-06T20:00:56.953-05:00 DEBUG 8312 --- [           main] org.hibernate.type.BasicTypeRegistry     : Adding type registration serializable -> org.hibernate.type.BasicTypeReference@5aea8994
2023-11-06T20:00:56.953-05:00 DEBUG 8312 --- [           main] org.hibernate.type.BasicTypeRegistry     : Adding type registration java.io.Serializable -> org.hibernate.type.BasicTypeReference@5aea8994
2023-11-06T20:00:56.953-05:00 DEBUG 8312 --- [           main] org.hibernate.type.BasicTypeRegistry     : Adding type registration timezone -> org.hibernate.type.BasicTypeReference@20a3e10c
2023-11-06T20:00:56.953-05:00 DEBUG 8312 --- [           main] org.hibernate.type.BasicTypeRegistry     : Adding type registration java.util.TimeZone -> org.hibernate.type.BasicTypeReference@20a3e10c
2023-11-06T20:00:56.953-05:00 DEBUG 8312 --- [           main] org.hibernate.type.BasicTypeRegistry     : Adding type registration ZoneOffset -> org.hibernate.type.BasicTypeReference@426c0486
2023-11-06T20:00:56.953-05:00 DEBUG 8312 --- [           main] org.hibernate.type.BasicTypeRegistry     : Adding type registration java.time.ZoneOffset -> org.hibernate.type.BasicTypeReference@426c0486
2023-11-06T20:00:56.953-05:00 DEBUG 8312 --- [           main] org.hibernate.type.BasicTypeRegistry     : Adding type registration url -> org.hibernate.type.BasicTypeReference@5e2a6991
2023-11-06T20:00:56.953-05:00 DEBUG 8312 --- [           main] org.hibernate.type.BasicTypeRegistry     : Adding type registration java.net.URL -> org.hibernate.type.BasicTypeReference@5e2a6991
2023-11-06T20:00:56.953-05:00 DEBUG 8312 --- [           main] org.hibernate.type.BasicTypeRegistry     : Adding type registration row_version -> org.hibernate.type.BasicTypeReference@5002fde9
2023-11-06T20:00:56.958-05:00 DEBUG 8312 --- [           main] org.hibernate.type.BasicTypeRegistry     : Adding type registration object -> org.hibernate.type.JavaObjectType@4b4814d0
2023-11-06T20:00:56.958-05:00 DEBUG 8312 --- [           main] org.hibernate.type.BasicTypeRegistry     : Adding type registration java.lang.Object -> org.hibernate.type.JavaObjectType@4b4814d0
2023-11-06T20:00:56.959-05:00 DEBUG 8312 --- [           main] org.hibernate.type.BasicTypeRegistry     : Adding type registration null -> org.hibernate.type.NullType@4f213a2
2023-11-06T20:00:56.960-05:00 DEBUG 8312 --- [           main] org.hibernate.type.BasicTypeRegistry     : Adding type registration imm_date -> org.hibernate.type.BasicTypeReference@25699aa7
2023-11-06T20:00:56.960-05:00 DEBUG 8312 --- [           main] org.hibernate.type.BasicTypeRegistry     : Adding type registration imm_time -> org.hibernate.type.BasicTypeReference@5a47730c
2023-11-06T20:00:56.960-05:00 DEBUG 8312 --- [           main] org.hibernate.type.BasicTypeRegistry     : Adding type registration imm_timestamp -> org.hibernate.type.BasicTypeReference@15369d73
2023-11-06T20:00:56.960-05:00 DEBUG 8312 --- [           main] org.hibernate.type.BasicTypeRegistry     : Adding type registration imm_calendar -> org.hibernate.type.BasicTypeReference@1cde374
2023-11-06T20:00:56.960-05:00 DEBUG 8312 --- [           main] org.hibernate.type.BasicTypeRegistry     : Adding type registration imm_calendar_date -> org.hibernate.type.BasicTypeReference@6818fd48
2023-11-06T20:00:56.960-05:00 DEBUG 8312 --- [           main] org.hibernate.type.BasicTypeRegistry     : Adding type registration imm_calendar_time -> org.hibernate.type.BasicTypeReference@9263c54
2023-11-06T20:00:56.960-05:00 DEBUG 8312 --- [           main] org.hibernate.type.BasicTypeRegistry     : Adding type registration imm_binary -> org.hibernate.type.BasicTypeReference@28daf506
2023-11-06T20:00:56.960-05:00 DEBUG 8312 --- [           main] org.hibernate.type.BasicTypeRegistry     : Adding type registration imm_serializable -> org.hibernate.type.BasicTypeReference@4662752a
2023-11-06T20:00:56.987-05:00  INFO 8312 --- [           main] o.h.b.i.BytecodeProviderInitiator        : HHH000021: Bytecode provider name : bytebuddy
2023-11-06T20:00:57.179-05:00  INFO 8312 --- [           main] o.s.o.j.p.SpringPersistenceUnitInfo      : No LoadTimeWeaver setup: ignoring JPA class transformer
2023-11-06T20:00:57.197-05:00  INFO 8312 --- [           main] com.zaxxer.hikari.HikariDataSource       : HikariPool-1 - Starting...
2023-11-06T20:00:59.687-05:00  INFO 8312 --- [           main] com.zaxxer.hikari.pool.HikariPool        : HikariPool-1 - Added connection com.mysql.cj.jdbc.ConnectionImpl@75a9cc24
2023-11-06T20:00:59.691-05:00  INFO 8312 --- [           main] com.zaxxer.hikari.HikariDataSource       : HikariPool-1 - Start completed.
2023-11-06T20:00:59.926-05:00  WARN 8312 --- [           main] org.hibernate.orm.deprecation            : HHH90000026: MySQL57Dialect has been deprecated; use org.hibernate.dialect.MySQLDialect instead
2023-11-06T20:00:59.952-05:00 DEBUG 8312 --- [           main] o.h.t.d.sql.spi.DdlTypeRegistry          : addDescriptor(12, org.hibernate.type.descriptor.sql.internal.CapacityDependentDdlType@7b2e931) replaced previous registration(org.hibernate.type.descriptor.sql.internal.CapacityDependentDdlType@305881b8)
2023-11-06T20:00:59.952-05:00 DEBUG 8312 --- [           main] o.h.t.d.sql.spi.DdlTypeRegistry          : addDescriptor(-9, org.hibernate.type.descriptor.sql.internal.CapacityDependentDdlType@7e89eba7) replaced previous registration(org.hibernate.type.descriptor.sql.internal.CapacityDependentDdlType@6bc25ac2)
2023-11-06T20:00:59.952-05:00 DEBUG 8312 --- [           main] o.h.t.d.sql.spi.DdlTypeRegistry          : addDescriptor(-3, org.hibernate.type.descriptor.sql.internal.CapacityDependentDdlType@7b29cdea) replaced previous registration(org.hibernate.type.descriptor.sql.internal.CapacityDependentDdlType@f08d676)
2023-11-06T20:00:59.953-05:00 DEBUG 8312 --- [           main] o.h.t.d.sql.spi.DdlTypeRegistry          : addDescriptor(4003, org.hibernate.type.descriptor.sql.internal.DdlTypeImpl@3eedd0e3) replaced previous registration(org.hibernate.type.descriptor.sql.internal.DdlTypeImpl@478089b6)
2023-11-06T20:00:59.953-05:00 DEBUG 8312 --- [           main] o.h.t.d.sql.spi.DdlTypeRegistry          : addDescriptor(4001, org.hibernate.type.descriptor.sql.internal.DdlTypeImpl@72f35a31) replaced previous registration(org.hibernate.type.descriptor.sql.internal.DdlTypeImpl@3b01897f)
2023-11-06T20:00:59.953-05:00 DEBUG 8312 --- [           main] o.h.t.d.sql.spi.DdlTypeRegistry          : addDescriptor(4002, org.hibernate.type.descriptor.sql.internal.DdlTypeImpl@6b3b2c34) replaced previous registration(org.hibernate.type.descriptor.sql.internal.DdlTypeImpl@28b5d5dc)
2023-11-06T20:00:59.953-05:00 DEBUG 8312 --- [           main] o.h.t.d.sql.spi.DdlTypeRegistry          : addDescriptor(2004, org.hibernate.type.descriptor.sql.internal.CapacityDependentDdlType@407f2029) replaced previous registration(org.hibernate.type.descriptor.sql.internal.DdlTypeImpl@77020328)
2023-11-06T20:00:59.953-05:00 DEBUG 8312 --- [           main] o.h.t.d.sql.spi.DdlTypeRegistry          : addDescriptor(2005, org.hibernate.type.descriptor.sql.internal.CapacityDependentDdlType@45eacb70) replaced previous registration(org.hibernate.type.descriptor.sql.internal.DdlTypeImpl@4377ed24)
2023-11-06T20:00:59.953-05:00 DEBUG 8312 --- [           main] o.h.t.d.sql.spi.DdlTypeRegistry          : addDescriptor(2011, org.hibernate.type.descriptor.sql.internal.CapacityDependentDdlType@7a30e30b) replaced previous registration(org.hibernate.type.descriptor.sql.internal.DdlTypeImpl@1dcca426)
2023-11-06T20:00:59.955-05:00 DEBUG 8312 --- [           main] o.h.t.d.jdbc.spi.JdbcTypeRegistry        : addDescriptor(NCharTypeDescriptor) replaced previous registration(CharTypeDescriptor)
2023-11-06T20:00:59.955-05:00 DEBUG 8312 --- [           main] o.h.t.d.jdbc.spi.JdbcTypeRegistry        : addDescriptor(NVarcharTypeDescriptor) replaced previous registration(VarcharTypeDescriptor)
2023-11-06T20:00:59.955-05:00 DEBUG 8312 --- [           main] o.h.t.d.jdbc.spi.JdbcTypeRegistry        : addDescriptor(LongNVarcharTypeDescriptor) replaced previous registration(LongVarcharTypeDescriptor)
2023-11-06T20:00:59.958-05:00 DEBUG 8312 --- [           main] o.h.t.d.jdbc.spi.JdbcTypeRegistry        : addDescriptor(NClobTypeDescriptor(DEFAULT)) replaced previous registration(ClobTypeDescriptor(DEFAULT))
2023-11-06T20:00:59.958-05:00 DEBUG 8312 --- [           main] o.h.t.d.jdbc.spi.JdbcTypeRegistry        : addDescriptor(2005, ClobTypeDescriptor(STREAM_BINDING)) replaced previous registration(ClobTypeDescriptor(DEFAULT))
2023-11-06T20:00:59.961-05:00 DEBUG 8312 --- [           main] org.hibernate.type.BasicTypeRegistry     : Adding type registration null -> org.hibernate.type.NullType@7cbf4f8c
2023-11-06T20:00:59.961-05:00 DEBUG 8312 --- [           main] org.hibernate.type.BasicTypeRegistry     : Type registration key [null] overrode previous entry : `org.hibernate.type.NullType@4f213a2`
2023-11-06T20:00:59.966-05:00 DEBUG 8312 --- [           main] org.hibernate.type.BasicTypeRegistry     : Adding type registration org.hibernate.type.OffsetDateTimeType -> basicType@1(java.time.OffsetDateTime,3003)
2023-11-06T20:00:59.966-05:00 DEBUG 8312 --- [           main] org.hibernate.type.BasicTypeRegistry     : Adding type registration OffsetDateTime -> basicType@1(java.time.OffsetDateTime,3003)
2023-11-06T20:00:59.967-05:00 DEBUG 8312 --- [           main] org.hibernate.type.BasicTypeRegistry     : Adding type registration java.time.OffsetDateTime -> basicType@1(java.time.OffsetDateTime,3003)
2023-11-06T20:00:59.967-05:00 DEBUG 8312 --- [           main] org.hibernate.type.BasicTypeRegistry     : Adding type registration org.hibernate.type.ZonedDateTimeType -> basicType@2(java.time.ZonedDateTime,3003)
2023-11-06T20:00:59.967-05:00 DEBUG 8312 --- [           main] org.hibernate.type.BasicTypeRegistry     : Adding type registration ZonedDateTime -> basicType@2(java.time.ZonedDateTime,3003)
2023-11-06T20:00:59.967-05:00 DEBUG 8312 --- [           main] org.hibernate.type.BasicTypeRegistry     : Adding type registration java.time.ZonedDateTime -> basicType@2(java.time.ZonedDateTime,3003)
2023-11-06T20:00:59.968-05:00 DEBUG 8312 --- [           main] org.hibernate.type.BasicTypeRegistry     : Adding type registration org.hibernate.type.OffsetTimeType -> basicType@3(java.time.OffsetTime,3007)
2023-11-06T20:00:59.969-05:00 DEBUG 8312 --- [           main] org.hibernate.type.BasicTypeRegistry     : Adding type registration OffsetTime -> basicType@3(java.time.OffsetTime,3007)
2023-11-06T20:00:59.969-05:00 DEBUG 8312 --- [           main] org.hibernate.type.BasicTypeRegistry     : Adding type registration java.time.OffsetTime -> basicType@3(java.time.OffsetTime,3007)
2023-11-06T20:00:59.979-05:00 DEBUG 8312 --- [           main] o.h.type.spi.TypeConfiguration$Scope     : Scoping TypeConfiguration [org.hibernate.type.spi.TypeConfiguration@54496c2d] to MetadataBuildingContext [org.hibernate.boot.internal.MetadataBuildingContextRootImpl@4e1a3d5a]
2023-11-06T20:01:00.253-05:00  INFO 8312 --- [           main] o.h.b.i.BytecodeProviderInitiator        : HHH000021: Bytecode provider name : bytebuddy
2023-11-06T20:01:01.165-05:00  INFO 8312 --- [           main] o.h.e.t.j.p.i.JtaPlatformInitiator       : HHH000490: Using JtaPlatform implementation: [org.hibernate.engine.transaction.jta.platform.internal.NoJtaPlatform]
2023-11-06T20:01:01.165-05:00 DEBUG 8312 --- [           main] o.h.type.spi.TypeConfiguration$Scope     : Scoping TypeConfiguration [org.hibernate.type.spi.TypeConfiguration@54496c2d] to SessionFactoryImplementor [org.hibernate.internal.SessionFactoryImpl@2926f7bd]
2023-11-06T20:01:01.167-05:00 TRACE 8312 --- [           main] o.h.type.spi.TypeConfiguration$Scope     : Handling #sessionFactoryCreated from [org.hibernate.internal.SessionFactoryImpl@2926f7bd] for TypeConfiguration
2023-11-06T20:01:01.168-05:00  INFO 8312 --- [           main] j.LocalContainerEntityManagerFactoryBean : Initialized JPA EntityManagerFactory for persistence unit 'default'
2023-11-06T20:01:01.303-05:00 DEBUG 8312 --- [           main] o.h.stat.internal.StatisticsInitiator    : Statistics initialized [enabled=false]
2023-11-06T20:01:01.560-05:00  INFO 8312 --- [           main] o.s.d.j.r.query.QueryEnhancerFactory     : Hibernate is in classpath; If applicable, HQL parser will be used.
2023-11-06T20:01:02.551-05:00  INFO 8312 --- [           main] o.s.s.web.DefaultSecurityFilterChain     : Will secure any request with [org.springframework.security.web.session.DisableEncodeUrlFilter@42018e32, org.springframework.security.web.context.request.async.WebAsyncManagerIntegrationFilter@42bd4a4c, org.springframework.security.web.context.SecurityContextHolderFilter@30c0993e, org.springframework.security.web.header.HeaderWriterFilter@5b20024b, org.springframework.web.filter.CorsFilter@679cdfc3, org.springframework.security.web.authentication.logout.LogoutFilter@6af6a3b, com.proyectoIntegrador.jwt.JwtAuthenticationFilter@5545c42, org.springframework.security.web.savedrequest.RequestCacheAwareFilter@67398bad, org.springframework.security.web.servletapi.SecurityContextHolderAwareRequestFilter@79c4c973, org.springframework.security.web.authentication.AnonymousAuthenticationFilter@3e07ccbf, org.springframework.security.web.session.SessionManagementFilter@13f6395d, org.springframework.security.web.access.ExceptionTranslationFilter@72187492, org.springframework.security.web.access.intercept.AuthorizationFilter@50ba10de]
2023-11-06T20:01:02.929-05:00  INFO 8312 --- [           main] c.p.ProyectoIntegradorApplicationTests   : Started ProyectoIntegradorApplicationTests in 8.269 seconds (process running for 9.54)
]]></system-out>
  </testcase>
</testsuite>